Name                                                         Stmts   Miss  Cover   Missing
------------------------------------------------------------------------------------------
tests\__init__.py                                                0      0   100%
tests\api\__init__.py                                            0      0   100%
tests\api\api_test.py                                           14      0   100%
tests\api\handler\__init__.py                                    0      0   100%
tests\api\handler\healthcheck\__init__.py                        0      0   100%
tests\api\handler\healthcheck\test_get_status.py                13      0   100%
tests\api\handler\healthcheck\test_integration_fixtures.py       9      0   100%
tests\api\handler\user\__init__.py                               0      0   100%
tests\api\handler\user\test_create.py                           65      0   100%
tests\api\handler\user\test_delete.py                           60      0   100%
tests\api\handler\user\test_get_all.py                          42      0   100%
tests\api\handler\user\test_get_by_id.py                        54      0   100%
tests\api\handler\user\test_integration_fixtures.py             19      0   100%
tests\api\handler\user\test_update.py                           96      0   100%
tests\integration_test.py                                       42      4    90%   39-40, 48-49
------------------------------------------------------------------------------------------
TOTAL                                                          414      4    99%
